<?xml version="1.0" encoding="UTF-8"?>
<!-- Generated by org.testng.reporters.JUnitReportReporter -->
<testsuite skipped="0" hostname="DESKTOP-1RI7EK1" name="test.TestCase" tests="4" failures="0" timestamp="21 十一月 2018 09:13:38 GMT" time="0.011" errors="0">
  <testcase name="test2" time="0.003" classname="test.TestCase"/>
  <testcase name="add" time="0.004" classname="test.TestCase"/>
  <testcase name="test3" time="0.003" classname="test.TestCase"/>
  <testcase name="test1" time="0.001" classname="test.TestCase"/>
</testsuite> <!-- test.TestCase -->
